<?xml version="1.0" encoding="UTF-8"?>
<!-- Generated by org.testng.reporters.JUnitReportReporter -->
<testsuite hostname="DESKTOP-GM3R7K7" failures="0" tests="1" name="com.omayo.testcases.VerifyHomePage" time="47.717" errors="0" timestamp="2023-06-09T02:46:38 IST" skipped="0">
  <testcase classname="com.omayo.testcases.VerifyHomePage" name="verifyUserAbleToSelectOptionsFromDropdown" time="47.717"/>
  <system-out/>
</testsuite> <!-- com.omayo.testcases.VerifyHomePage -->
