<?xml version="1.0" encoding="UTF-8"?>
<!-- Generated by org.testng.reporters.JUnitReportReporter -->
<testsuite hostname="DESKTOP-GM3R7K7" failures="0" tests="1" name="com.omayo.testcases.VerifyUserAbleToSelectOptionsFromDropdown" time="23.929" errors="0" timestamp="2023-06-09T02:52:26 IST" skipped="0">
  <testcase classname="com.omayo.testcases.VerifyUserAbleToSelectOptionsFromDropdown" name="verifyUserAbleToSelectOptionsFromDropdown" time="23.929"/>
  <system-out/>
</testsuite> <!-- com.omayo.testcases.VerifyUserAbleToSelectOptionsFromDropdown -->
