<?xml version="1.0" encoding="UTF-8"?>
<!-- Generated by org.testng.reporters.JUnitReportReporter -->
<testsuite hostname="DESKTOP-GM3R7K7" failures="0" tests="1" name="com.omayo.testcases.VerifyUserRegistration" time="15.767" errors="0" timestamp="2023-06-10T05:26:15 IST" skipped="0">
  <testcase classname="com.omayo.testcases.VerifyUserRegistration" name="verifyUserRegistration" time="15.767"/>
  <system-out/>
</testsuite> <!-- com.omayo.testcases.VerifyUserRegistration -->
